# JRE version: OpenJDK Runtime Environment (21.0.10) (build 21.0.10+-14961533-b1163.108)
# Java VM: OpenJDK 64-Bit Server VM (21.0.10+-14961533-b1163.108, mixed mode, tiered, compressed oops, compressed class ptrs, g1 gc, windows-amd64)
GC Precious Log:
 CardTable entry size: 512
 Card Set container configuration: InlinePtr #cards 4 size 8 Array Of Cards #cards 16 size 48 Howl #buckets 8 coarsen threshold 3686 Howl Bitmap #cards 512 size 80 coarsen threshold 460 Card regions per heap region 1 cards per card region 4096
 CPUs: 8 total, 8 available
 Memory: 7413M
 Large Page Support: Disabled
 NUMA Support: Disabled
 Compressed Oops: Enabled (Zero based)
 Heap Region Size: 2M
 Heap Min Capacity: 8M
 Heap Initial Capacity: 116M
 Heap Max Capacity: 4G
 Pre-touch: Disabled
 Parallel Workers: 8
 Concurrent Workers: 2
 Concurrent Refinement Workers: 8
 Periodic GC: Disabled
Heap:
 garbage-first heap   total 628736K, used 447875K [0x0000000700000000, 0x0000000800000000)
  region size 2048K, 36 young (73728K), 12 survivors (24576K)
 Metaspace       used 224861K, committed 227520K, reserved 1310720K
  class space    used 28068K, committed 29376K, reserved 1048576K
GC Heap History (20 events):
Event: 365.368 GC heap before
{Heap before GC invocations=87 (full 0):
 garbage-first heap   total 491520K, used 435598K [0x0000000700000000, 0x0000000800000000)
  region size 2048K, 79 young (161792K), 9 survivors (18432K)
 Metaspace       used 191722K, committed 194368K, reserved 1245184K
  class space    used 25273K, committed 26560K, reserved 1048576K
}
Event: 365.406 GC heap after
{Heap after GC invocations=88 (full 0):
 garbage-first heap   total 491520K, used 312702K [0x0000000700000000, 0x0000000800000000)
  region size 2048K, 10 young (20480K), 10 survivors (20480K)
 Metaspace       used 191722K, committed 194368K, reserved 1245184K
  class space    used 25273K, committed 26560K, reserved 1048576K
}
Event: 379.209 GC heap before
{Heap before GC invocations=88 (full 0):
 garbage-first heap   total 491520K, used 441726K [0x0000000700000000, 0x0000000800000000)
  region size 2048K, 73 young (149504K), 10 survivors (20480K)
 Metaspace       used 194989K, committed 197568K, reserved 1245184K
  class space    used 25582K, committed 26880K, reserved 1048576K
}
Event: 379.240 GC heap after
{Heap after GC invocations=89 (full 0):
 garbage-first heap   total 491520K, used 318183K [0x0000000700000000, 0x0000000800000000)
  region size 2048K, 5 young (10240K), 5 survivors (10240K)
 Metaspace       used 194989K, committed 197568K, reserved 1245184K
  class space    used 25582K, committed 26880K, reserved 1048576K
}
Event: 399.628 GC heap before
{Heap before GC invocations=89 (full 0):
 garbage-first heap   total 491520K, used 447207K [0x0000000700000000, 0x0000000800000000)
  region size 2048K, 68 young (139264K), 5 survivors (10240K)
 Metaspace       used 199980K, committed 202688K, reserved 1245184K
  class space    used 25940K, committed 27264K, reserved 1048576K
}
Event: 399.671 GC heap after
{Heap after GC invocations=90 (full 0):
 garbage-first heap   total 491520K, used 329673K [0x0000000700000000, 0x0000000800000000)
  region size 2048K, 9 young (18432K), 9 survivors (18432K)
 Metaspace       used 199980K, committed 202688K, reserved 1245184K
  class space    used 25940K, committed 27264K, reserved 1048576K
}
Event: 437.239 GC heap before
{Heap before GC invocations=91 (full 0):
 garbage-first heap   total 550912K, used 452553K [0x0000000700000000, 0x0000000800000000)
  region size 2048K, 69 young (141312K), 9 survivors (18432K)
 Metaspace       used 207557K, committed 210240K, reserved 1245184K
  class space    used 26577K, committed 27904K, reserved 1048576K
}
Event: 437.570 GC heap after
{Heap after GC invocations=92 (full 0):
 garbage-first heap   total 550912K, used 347172K [0x0000000700000000, 0x0000000800000000)
  region size 2048K, 9 young (18432K), 9 survivors (18432K)
 Metaspace       used 207557K, committed 210240K, reserved 1245184K
  class space    used 26577K, committed 27904K, reserved 1048576K
}
Event: 455.180 GC heap before
{Heap before GC invocations=92 (full 0):
 garbage-first heap   total 550912K, used 433188K [0x0000000700000000, 0x0000000800000000)
  region size 2048K, 52 young (106496K), 9 survivors (18432K)
 Metaspace       used 209124K, committed 211776K, reserved 1245184K
  class space    used 26686K, committed 27968K, reserved 1048576K
}
Event: 455.558 GC heap after
{Heap after GC invocations=93 (full 0):
 garbage-first heap   total 550912K, used 360448K [0x0000000700000000, 0x0000000800000000)
  region size 2048K, 7 young (14336K), 7 survivors (14336K)
 Metaspace       used 209124K, committed 211776K, reserved 1245184K
  class space    used 26686K, committed 27968K, reserved 1048576K
}
Event: 475.104 GC heap before
{Heap before GC invocations=94 (full 0):
 garbage-first heap   total 602112K, used 503808K [0x0000000700000000, 0x0000000800000000)
  region size 2048K, 77 young (157696K), 7 survivors (14336K)
 Metaspace       used 216942K, committed 219584K, reserved 1245184K
  class space    used 27479K, committed 28800K, reserved 1048576K
}
Event: 475.164 GC heap after
{Heap after GC invocations=95 (full 0):
 garbage-first heap   total 602112K, used 369380K [0x0000000700000000, 0x0000000800000000)
  region size 2048K, 5 young (10240K), 5 survivors (10240K)
 Metaspace       used 216942K, committed 219584K, reserved 1245184K
  class space    used 27479K, committed 28800K, reserved 1048576K
}
Event: 485.777 GC heap before
{Heap before GC invocations=95 (full 0):
 garbage-first heap   total 602112K, used 459492K [0x0000000700000000, 0x0000000800000000)
  region size 2048K, 50 young (102400K), 5 survivors (10240K)
 Metaspace       used 222985K, committed 225664K, reserved 1245184K
  class space    used 27988K, committed 29312K, reserved 1048576K
}
Event: 485.821 GC heap after
{Heap after GC invocations=96 (full 0):
 garbage-first heap   total 602112K, used 375587K [0x0000000700000000, 0x0000000800000000)
  region size 2048K, 8 young (16384K), 8 survivors (16384K)
 Metaspace       used 222985K, committed 225664K, reserved 1245184K
  class space    used 27988K, committed 29312K, reserved 1048576K
}
Event: 504.195 GC heap before
{Heap before GC invocations=97 (full 0):
 garbage-first heap   total 628736K, used 555811K [0x0000000700000000, 0x0000000800000000)
  region size 2048K, 96 young (196608K), 8 survivors (16384K)
 Metaspace       used 224576K, committed 227264K, reserved 1310720K
  class space    used 28065K, committed 29376K, reserved 1048576K
}
Event: 504.281 GC heap after
{Heap after GC invocations=98 (full 0):
 garbage-first heap   total 628736K, used 384629K [0x0000000700000000, 0x0000000800000000)
  region size 2048K, 8 young (16384K), 8 survivors (16384K)
 Metaspace       used 224576K, committed 227264K, reserved 1310720K
  class space    used 28065K, committed 29376K, reserved 1048576K
}
Event: 507.514 GC heap before
{Heap before GC invocations=98 (full 0):
 garbage-first heap   total 628736K, used 583285K [0x0000000700000000, 0x0000000800000000)
  region size 2048K, 105 young (215040K), 8 survivors (16384K)
 Metaspace       used 224770K, committed 227392K, reserved 1310720K
  class space    used 28068K, committed 29376K, reserved 1048576K
}
Event: 507.614 GC heap after
{Heap after GC invocations=99 (full 0):
 garbage-first heap   total 628736K, used 390050K [0x0000000700000000, 0x0000000800000000)
  region size 2048K, 11 young (22528K), 11 survivors (22528K)
 Metaspace       used 224770K, committed 227392K, reserved 1310720K
  class space    used 28068K, committed 29376K, reserved 1048576K
}
Event: 509.815 GC heap before
{Heap before GC invocations=99 (full 0):
 garbage-first heap   total 628736K, used 584610K [0x0000000700000000, 0x0000000800000000)
  region size 2048K, 106 young (217088K), 11 survivors (22528K)
 Metaspace       used 224832K, committed 227456K, reserved 1310720K
  class space    used 28068K, committed 29376K, reserved 1048576K
}
Event: 509.883 GC heap after
{Heap after GC invocations=100 (full 0):
 garbage-first heap   total 628736K, used 400771K [0x0000000700000000, 0x0000000800000000)
  region size 2048K, 12 young (24576K), 12 survivors (24576K)
 Metaspace       used 224832K, committed 227456K, reserved 1310720K
  class space    used 28068K, committed 29376K, reserved 1048576K
}

